<?xml version="1.0" encoding="UTF-8"?>
<testsuite name="test.org.apache.kafka.clients.producer.ProducerRecordTest" tests="1" skipped="0" failures="0" errors="0" timestamp="2016-12-28T19:46:29" hostname="oded-Latitude-3440" time="0.002">
  <properties/>
  <testcase name="testEqualsAndHashCode" classname="test.org.apache.kafka.clients.producer.ProducerRecordTest" time="0.002"/>
  <system-out><![CDATA[]]></system-out>
  <system-err><![CDATA[]]></system-err>
</testsuite>
