<?xml version="1.0" encoding="UTF-8"?>
<testsuite name="org.apache.kafka.clients.producer.KafkaProducerTest" tests="2" skipped="0" failures="0" errors="0" timestamp="2016-12-23T07:16:45" hostname="oded-Latitude-3440" time="0.032">
  <properties/>
  <testcase name="testInvalidSocketSendBufferSize" classname="org.apache.kafka.clients.producer.KafkaProducerTest" time="0.031"/>
  <testcase name="testInvalidSocketReceiveBufferSize" classname="org.apache.kafka.clients.producer.KafkaProducerTest" time="0.0"/>
  <system-out><![CDATA[]]></system-out>
  <system-err><![CDATA[]]></system-err>
</testsuite>
