<?xml version="1.0" encoding="UTF-8"?>
<testsuite name="LibraryTest" tests="1" skipped="0" failures="0" errors="0" timestamp="2016-12-28T19:46:30" hostname="oded-Latitude-3440" time="0.001">
  <properties/>
  <testcase name="testSomeLibraryMethod" classname="LibraryTest" time="0.001"/>
  <system-out><![CDATA[]]></system-out>
  <system-err><![CDATA[]]></system-err>
</testsuite>
