<?xml version="1.0" encoding="UTF-8"?>
<testsuite name="test.io.iguaz.v3io.kafka.TestInterceptorTest" tests="2" skipped="0" failures="0" errors="0" timestamp="2016-12-28T19:46:30" hostname="oded-Latitude-3440" time="0.002">
  <properties/>
  <testcase name="testOnAcknowledgement" classname="test.io.iguaz.v3io.kafka.TestInterceptorTest" time="0.001"/>
  <testcase name="testOnSend" classname="test.io.iguaz.v3io.kafka.TestInterceptorTest" time="0.0"/>
  <system-out><![CDATA[TestInterceptor.onSend()
TestInterceptor.onAcknowledgement()
]]></system-out>
  <system-err><![CDATA[]]></system-err>
</testsuite>
