<?xml version="1.0" encoding="UTF-8"?>
<testsuite name="test.io.iguaz.v3io.kafka.TestCalbackTest" tests="1" skipped="0" failures="0" errors="0" timestamp="2016-12-28T19:46:30" hostname="oded-Latitude-3440" time="0.0">
  <properties/>
  <testcase name="testOnComplete" classname="test.io.iguaz.v3io.kafka.TestCalbackTest" time="0.0"/>
  <system-out><![CDATA[OnCompletion: testTopic-1@0
]]></system-out>
  <system-err><![CDATA[]]></system-err>
</testsuite>
