<?xml version="1.0" encoding="UTF-8"?>
<testsuite name="test.org.apache.kafka.clients.producer.RecordSendTest" tests="3" skipped="0" failures="0" errors="0" timestamp="2016-12-28T19:46:29" hostname="oded-Latitude-3440" time="0.113">
  <properties/>
  <testcase name="testTimeout" classname="test.org.apache.kafka.clients.producer.RecordSendTest" time="0.01"/>
  <testcase name="testError" classname="test.org.apache.kafka.clients.producer.RecordSendTest" time="0.051"/>
  <testcase name="testBlocking" classname="test.org.apache.kafka.clients.producer.RecordSendTest" time="0.05"/>
  <system-out><![CDATA[]]></system-out>
  <system-err><![CDATA[]]></system-err>
</testsuite>
